<?xml version="1.0" encoding="UTF-8"?>
<!-- Generated by org.testng.reporters.JUnitReportReporter -->
<testsuite hostname="MP-LAP069" failures="0" tests="2" name="testCases.UITestAutomation" time="42.163" errors="0" timestamp="4 Aug 2020 06:21:20 GMT">
  <testcase classname="testCases.UITestAutomation" name="successfullPayment" time="22.080"/>
  <testcase classname="testCases.UITestAutomation" name="unsuccessfullPayment" time="20.083"/>
</testsuite> <!-- testCases.UITestAutomation -->
